<?xml version="1.0" encoding="UTF-8"?>
<testsuite xmlns:xsi="http://www.w3.org/2001/XMLSchema-instance" xsi:noNamespaceSchemaLocation="https://maven.apache.org/surefire/maven-surefire-plugin/xsd/surefire-test-report-3.0.xsd" version="3.0" name="TestSuite" time="6.851" tests="20" errors="0" skipped="0" failures="0">
  <properties>
    <property name="java.specification.version" value="21"/>
    <property name="sun.cpu.isalist" value="amd64"/>
    <property name="sun.jnu.encoding" value="Cp1252"/>
    <property name="java.class.path" value="E:\DemoProjects\apiDemo\target\test-classes;E:\DemoProjects\apiDemo\target\classes;C:\Users\SaiD12\.m2\repository\io\rest-assured\rest-assured\5.3.0\rest-assured-5.3.0.jar;C:\Users\SaiD12\.m2\repository\org\apache\groovy\groovy\4.0.6\groovy-4.0.6.jar;C:\Users\SaiD12\.m2\repository\org\apache\groovy\groovy-xml\4.0.6\groovy-xml-4.0.6.jar;C:\Users\SaiD12\.m2\repository\org\apache\httpcomponents\httpclient\4.5.13\httpclient-4.5.13.jar;C:\Users\SaiD12\.m2\repository\org\apache\httpcomponents\httpcore\4.4.13\httpcore-4.4.13.jar;C:\Users\SaiD12\.m2\repository\commons-logging\commons-logging\1.2\commons-logging-1.2.jar;C:\Users\SaiD12\.m2\repository\commons-codec\commons-codec\1.11\commons-codec-1.11.jar;C:\Users\SaiD12\.m2\repository\org\apache\httpcomponents\httpmime\4.5.13\httpmime-4.5.13.jar;C:\Users\SaiD12\.m2\repository\org\ccil\cowan\tagsoup\tagsoup\1.2.1\tagsoup-1.2.1.jar;C:\Users\SaiD12\.m2\repository\io\rest-assured\json-path\5.3.0\json-path-5.3.0.jar;C:\Users\SaiD12\.m2\repository\org\apache\groovy\groovy-json\4.0.6\groovy-json-4.0.6.jar;C:\Users\SaiD12\.m2\repository\io\rest-assured\rest-assured-common\5.3.0\rest-assured-common-5.3.0.jar;C:\Users\SaiD12\.m2\repository\io\rest-assured\xml-path\5.3.0\xml-path-5.3.0.jar;C:\Users\SaiD12\.m2\repository\org\apache\commons\commons-lang3\3.11\commons-lang3-3.11.jar;C:\Users\SaiD12\.m2\repository\org\testng\testng\7.11.0\testng-7.11.0.jar;C:\Users\SaiD12\.m2\repository\org\slf4j\slf4j-api\2.0.16\slf4j-api-2.0.16.jar;C:\Users\SaiD12\.m2\repository\org\jcommander\jcommander\1.83\jcommander-1.83.jar;C:\Users\SaiD12\.m2\repository\org\webjars\jquery\3.7.1\jquery-3.7.1.jar;C:\Users\SaiD12\.m2\repository\org\hamcrest\hamcrest\3.0\hamcrest-3.0.jar;C:\Users\SaiD12\.m2\repository\com\aventstack\extentreports\4.1.6\extentreports-4.1.6.jar;C:\Users\SaiD12\.m2\repository\org\freemarker\freemarker\2.3.29\freemarker-2.3.29.jar;C:\Users\SaiD12\.m2\repository\com\google\code\gson\gson\2.8.6\gson-2.8.6.jar;C:\Users\SaiD12\.m2\repository\org\mongodb\mongodb-driver\3.12.0\mongodb-driver-3.12.0.jar;C:\Users\SaiD12\.m2\repository\org\mongodb\mongodb-driver-core\3.12.0\mongodb-driver-core-3.12.0.jar;C:\Users\SaiD12\.m2\repository\org\mongodb\bson\3.12.0\bson-3.12.0.jar;"/>
    <property name="java.vm.vendor" value="Eclipse Adoptium"/>
    <property name="sun.arch.data.model" value="64"/>
    <property name="user.variant" value=""/>
    <property name="java.vendor.url" value="https://adoptium.net/"/>
    <property name="user.timezone" value="Europe/London"/>
    <property name="os.name" value="Windows 11"/>
    <property name="java.vm.specification.version" value="21"/>
    <property name="sun.java.launcher" value="SUN_STANDARD"/>
    <property name="user.country" value="US"/>
    <property name="sun.boot.library.path" value="D:\Practice\eclipse-committers-2024-09-R-win32-x86_64\eclipse\plugins\org.eclipse.justj.openjdk.hotspot.jre.full.win32.x86_64_21.0.4.v20240802-1551\jre\bin"/>
    <property name="sun.java.command" value="C:\Users\SaiD12\AppData\Local\Temp\surefire16465897750874812731\surefirebooter-20250526142137678_3.jar C:\Users\SaiD12\AppData\Local\Temp\surefire16465897750874812731 2025-05-26T14-21-37_570-jvmRun1 surefire-20250526142137678_1tmp surefire_0-20250526142137678_2tmp"/>
    <property name="jdk.debug" value="release"/>
    <property name="surefire.test.class.path" value="E:\DemoProjects\apiDemo\target\test-classes;E:\DemoProjects\apiDemo\target\classes;C:\Users\SaiD12\.m2\repository\io\rest-assured\rest-assured\5.3.0\rest-assured-5.3.0.jar;C:\Users\SaiD12\.m2\repository\org\apache\groovy\groovy\4.0.6\groovy-4.0.6.jar;C:\Users\SaiD12\.m2\repository\org\apache\groovy\groovy-xml\4.0.6\groovy-xml-4.0.6.jar;C:\Users\SaiD12\.m2\repository\org\apache\httpcomponents\httpclient\4.5.13\httpclient-4.5.13.jar;C:\Users\SaiD12\.m2\repository\org\apache\httpcomponents\httpcore\4.4.13\httpcore-4.4.13.jar;C:\Users\SaiD12\.m2\repository\commons-logging\commons-logging\1.2\commons-logging-1.2.jar;C:\Users\SaiD12\.m2\repository\commons-codec\commons-codec\1.11\commons-codec-1.11.jar;C:\Users\SaiD12\.m2\repository\org\apache\httpcomponents\httpmime\4.5.13\httpmime-4.5.13.jar;C:\Users\SaiD12\.m2\repository\org\ccil\cowan\tagsoup\tagsoup\1.2.1\tagsoup-1.2.1.jar;C:\Users\SaiD12\.m2\repository\io\rest-assured\json-path\5.3.0\json-path-5.3.0.jar;C:\Users\SaiD12\.m2\repository\org\apache\groovy\groovy-json\4.0.6\groovy-json-4.0.6.jar;C:\Users\SaiD12\.m2\repository\io\rest-assured\rest-assured-common\5.3.0\rest-assured-common-5.3.0.jar;C:\Users\SaiD12\.m2\repository\io\rest-assured\xml-path\5.3.0\xml-path-5.3.0.jar;C:\Users\SaiD12\.m2\repository\org\apache\commons\commons-lang3\3.11\commons-lang3-3.11.jar;C:\Users\SaiD12\.m2\repository\org\testng\testng\7.11.0\testng-7.11.0.jar;C:\Users\SaiD12\.m2\repository\org\slf4j\slf4j-api\2.0.16\slf4j-api-2.0.16.jar;C:\Users\SaiD12\.m2\repository\org\jcommander\jcommander\1.83\jcommander-1.83.jar;C:\Users\SaiD12\.m2\repository\org\webjars\jquery\3.7.1\jquery-3.7.1.jar;C:\Users\SaiD12\.m2\repository\org\hamcrest\hamcrest\3.0\hamcrest-3.0.jar;C:\Users\SaiD12\.m2\repository\com\aventstack\extentreports\4.1.6\extentreports-4.1.6.jar;C:\Users\SaiD12\.m2\repository\org\freemarker\freemarker\2.3.29\freemarker-2.3.29.jar;C:\Users\SaiD12\.m2\repository\com\google\code\gson\gson\2.8.6\gson-2.8.6.jar;C:\Users\SaiD12\.m2\repository\org\mongodb\mongodb-driver\3.12.0\mongodb-driver-3.12.0.jar;C:\Users\SaiD12\.m2\repository\org\mongodb\mongodb-driver-core\3.12.0\mongodb-driver-core-3.12.0.jar;C:\Users\SaiD12\.m2\repository\org\mongodb\bson\3.12.0\bson-3.12.0.jar;"/>
    <property name="sun.cpu.endian" value="little"/>
    <property name="user.home" value="C:\Users\SaiD12"/>
    <property name="user.language" value="en"/>
    <property name="java.specification.vendor" value="Oracle Corporation"/>
    <property name="java.version.date" value="2024-07-16"/>
    <property name="java.home" value="D:\Practice\eclipse-committers-2024-09-R-win32-x86_64\eclipse\plugins\org.eclipse.justj.openjdk.hotspot.jre.full.win32.x86_64_21.0.4.v20240802-1551\jre"/>
    <property name="file.separator" value="\"/>
    <property name="basedir" value="E:\DemoProjects\apiDemo"/>
    <property name="style.color" value="always"/>
    <property name="java.vm.compressedOopsMode" value="32-bit"/>
    <property name="line.separator" value="&#10;"/>
    <property name="java.vm.specification.vendor" value="Oracle Corporation"/>
    <property name="java.specification.name" value="Java Platform API Specification"/>
    <property name="surefire.real.class.path" value="C:\Users\SaiD12\AppData\Local\Temp\surefire16465897750874812731\surefirebooter-20250526142137678_3.jar"/>
    <property name="user.script" value=""/>
    <property name="sun.management.compiler" value="HotSpot 64-Bit Tiered Compilers"/>
    <property name="java.runtime.version" value="21.0.4+7-LTS"/>
    <property name="user.name" value="SaiD12"/>
    <property name="stdout.encoding" value="Cp1252"/>
    <property name="path.separator" value=";"/>
    <property name="os.version" value="10.0"/>
    <property name="java.runtime.name" value="OpenJDK Runtime Environment"/>
    <property name="file.encoding" value="UTF-8"/>
    <property name="java.vm.name" value="OpenJDK 64-Bit Server VM"/>
    <property name="java.vendor.version" value="Temurin-21.0.4+7"/>
    <property name="localRepository" value="C:\Users\SaiD12\.m2\repository"/>
    <property name="java.vendor.url.bug" value="https://github.com/adoptium/adoptium-support/issues"/>
    <property name="java.io.tmpdir" value="C:\Users\SaiD12\AppData\Local\Temp\"/>
    <property name="java.version" value="21.0.4"/>
    <property name="user.dir" value="E:\DemoProjects\apiDemo"/>
    <property name="os.arch" value="amd64"/>
    <property name="java.vm.specification.name" value="Java Virtual Machine Specification"/>
    <property name="sun.os.patch.level" value=""/>
    <property name="native.encoding" value="Cp1252"/>
    <property name="java.library.path" value="D:\Practice\eclipse-committers-2024-09-R-win32-x86_64\eclipse\plugins\org.eclipse.justj.openjdk.hotspot.jre.full.win32.x86_64_21.0.4.v20240802-1551\jre\bin;C:\WINDOWS\Sun\Java\bin;C:\WINDOWS\system32;C:\WINDOWS;D:/Practice/eclipse-committers-2024-09-R-win32-x86_64/eclipse//plugins/org.eclipse.justj.openjdk.hotspot.jre.full.win32.x86_64_21.0.4.v20240802-1551/jre/bin/server;D:/Practice/eclipse-committers-2024-09-R-win32-x86_64/eclipse//plugins/org.eclipse.justj.openjdk.hotspot.jre.full.win32.x86_64_21.0.4.v20240802-1551/jre/bin;C:\Program Files\Amazon Corretto\jdk17.0.13_11\bin;C:\Program Files\Common Files\Oracle\Java\javapath;C:\WINDOWS\system32;C:\WINDOWS;C:\WINDOWS\System32\Wbem;C:\WINDOWS\System32\WindowsPowerShell\v1.0\;C:\WINDOWS\System32\OpenSSH\;C:\Program Files\Java\jdk-17\bin;C:\ProgramData\chocolatey\bin;C:\ProgramData\chocolatey\lib\maven\apache-maven-3.9.9\bin;C:\Program Files\Amazon\AWSCLIV2\;C:\Program Files\Microsoft VS Code\bin;C:\Program Files (x86)\Vagrant\bin;C:\Program Files\nodejs\;C:\Program Files\Java\jdk-17\bin;C:\Program Files\Git\cmd;C:\Program Files\Docker\Docker\resources\bin;C:\Program Files\MySQL\MySQL Shell 8.0\bin\;C:\Users\SaiD12\AppData\Local\Microsoft\WindowsApps;C:\Program Files\Oracle\VirtualBox;C:\Users\SaiD12\AppData\Roaming\npm;C:\Program Files\Java\jdk-17\bin;;D:\Practice\eclipse-committers-2024-09-R-win32-x86_64\eclipse;;."/>
    <property name="java.vm.info" value="mixed mode"/>
    <property name="stderr.encoding" value="Cp1252"/>
    <property name="java.vendor" value="Eclipse Adoptium"/>
    <property name="java.vm.version" value="21.0.4+7-LTS"/>
    <property name="sun.io.unicode.encoding" value="UnicodeLittle"/>
    <property name="java.class.version" value="65.0"/>
  </properties>
  <testcase name="addBook[def, 1120](1)" classname="com.test.LibraryOperationsTest" time="1.842">
    <system-out><![CDATA[Request method:	POST
Request URI:	https://rahulshettyacademy.com/Library/Addbook.php
Proxy:			<none>
Request params:	<none>
Query params:	<none>
Form params:	<none>
Path params:	<none>
Headers:		Accept=*/*
				Content-Type=text/plain; charset=ISO-8859-1
Cookies:		<none>
Multiparts:		<none>
Body:
{
"name":"Learn Appium Automation with Java",
"isbn":"def",
"aisle":"1120",
"author":"John foer"
}
HTTP/1.1 200 OK
Date: Mon, 26 May 2025 13:21:40 GMT
Server: Apache/2.4.52 (Ubuntu)
Access-Control-Allow-Origin: *
Access-Control-Allow-Methods: POST
Access-Control-Max-Age: 3600
Access-Control-Allow-Headers: Content-Type, Access-Control-Allow-Headers, Authorization, X-Requested-With
Content-Length: 43
Keep-Alive: timeout=5, max=100
Connection: Keep-Alive
Content-Type: application/json;charset=UTF-8

{
    "Msg": "successfully added",
    "ID": "def1120"
}
def1120
]]></system-out>
    <system-err><![CDATA[SLF4J(W): No SLF4J providers were found.
SLF4J(W): Defaulting to no-operation (NOP) logger implementation
SLF4J(W): See https://www.slf4j.org/codes.html#noProviders for further details.
]]></system-err>
  </testcase>
  <testcase name="addBook[ghk, 1121](2)" classname="com.test.LibraryOperationsTest" time="0.529">
    <system-out><![CDATA[Request method:	POST
Request URI:	https://rahulshettyacademy.com/Library/Addbook.php
Proxy:			<none>
Request params:	<none>
Query params:	<none>
Form params:	<none>
Path params:	<none>
Headers:		Accept=*/*
				Content-Type=text/plain; charset=ISO-8859-1
Cookies:		<none>
Multiparts:		<none>
Body:
{
"name":"Learn Appium Automation with Java",
"isbn":"ghk",
"aisle":"1121",
"author":"John foer"
}
HTTP/1.1 200 OK
Date: Mon, 26 May 2025 13:21:41 GMT
Server: Apache/2.4.52 (Ubuntu)
Access-Control-Allow-Origin: *
Access-Control-Allow-Methods: POST
Access-Control-Max-Age: 3600
Access-Control-Allow-Headers: Content-Type, Access-Control-Allow-Headers, Authorization, X-Requested-With
Content-Length: 43
Keep-Alive: timeout=5, max=100
Connection: Keep-Alive
Content-Type: application/json;charset=UTF-8

{
    "Msg": "successfully added",
    "ID": "ghk1121"
}
ghk1121
]]></system-out>
  </testcase>
  <testcase name="addBook[hij, 1122](3)" classname="com.test.LibraryOperationsTest" time="0.512">
    <system-out><![CDATA[Request method:	POST
Request URI:	https://rahulshettyacademy.com/Library/Addbook.php
Proxy:			<none>
Request params:	<none>
Query params:	<none>
Form params:	<none>
Path params:	<none>
Headers:		Accept=*/*
				Content-Type=text/plain; charset=ISO-8859-1
Cookies:		<none>
Multiparts:		<none>
Body:
{
"name":"Learn Appium Automation with Java",
"isbn":"hij",
"aisle":"1122",
"author":"John foer"
}
HTTP/1.1 200 OK
Date: Mon, 26 May 2025 13:21:41 GMT
Server: Apache/2.4.52 (Ubuntu)
Access-Control-Allow-Origin: *
Access-Control-Allow-Methods: POST
Access-Control-Max-Age: 3600
Access-Control-Allow-Headers: Content-Type, Access-Control-Allow-Headers, Authorization, X-Requested-With
Content-Length: 43
Keep-Alive: timeout=5, max=100
Connection: Keep-Alive
Content-Type: application/json;charset=UTF-8

{
    "Msg": "successfully added",
    "ID": "hij1122"
}
hij1122
]]></system-out>
  </testcase>
  <testcase name="getBook[def1120](1)" classname="com.test.LibraryOperationsTest" time="0.516">
    <system-out><![CDATA[Request method:	GET
Request URI:	https://rahulshettyacademy.com/Library/GetBook.php?ID=def1120&ID=ghk1121&ID=hij1122
Proxy:			<none>
Request params:	ID=[def1120, ghk1121, hij1122]
Query params:	<none>
Form params:	<none>
Path params:	<none>
Headers:		Accept=*/*
Cookies:		<none>
Multiparts:		<none>
Body:			<none>
HTTP/1.1 200 OK
Date: Mon, 26 May 2025 13:21:42 GMT
Server: Apache/2.4.52 (Ubuntu)
Access-Control-Allow-Origin: *
Access-Control-Allow-Methods: POST
Access-Control-Max-Age: 3600
Access-Control-Allow-Headers: Content-Type, Access-Control-Allow-Headers, Authorization, X-Requested-With
Content-Length: 100
Keep-Alive: timeout=5, max=100
Connection: Keep-Alive
Content-Type: application/json;charset=UTF-8

[
    {
        "book_name": "Learn Appium Automation with Java",
        "isbn": "hij",
        "aisle": "1122",
        "author": "John foer"
    }
]
]]></system-out>
  </testcase>
  <testcase name="getBook[ghk1121](2)" classname="com.test.LibraryOperationsTest" time="0.505">
    <system-out><![CDATA[Request method:	GET
Request URI:	https://rahulshettyacademy.com/Library/GetBook.php?ID=def1120&ID=ghk1121&ID=hij1122
Proxy:			<none>
Request params:	ID=[def1120, ghk1121, hij1122]
Query params:	<none>
Form params:	<none>
Path params:	<none>
Headers:		Accept=*/*
Cookies:		<none>
Multiparts:		<none>
Body:			<none>
HTTP/1.1 200 OK
Date: Mon, 26 May 2025 13:21:42 GMT
Server: Apache/2.4.52 (Ubuntu)
Access-Control-Allow-Origin: *
Access-Control-Allow-Methods: POST
Access-Control-Max-Age: 3600
Access-Control-Allow-Headers: Content-Type, Access-Control-Allow-Headers, Authorization, X-Requested-With
Content-Length: 100
Keep-Alive: timeout=5, max=100
Connection: Keep-Alive
Content-Type: application/json;charset=UTF-8

[
    {
        "book_name": "Learn Appium Automation with Java",
        "isbn": "hij",
        "aisle": "1122",
        "author": "John foer"
    }
]
]]></system-out>
  </testcase>
  <testcase name="getBook[hij1122](3)" classname="com.test.LibraryOperationsTest" time="0.492">
    <system-out><![CDATA[Request method:	GET
Request URI:	https://rahulshettyacademy.com/Library/GetBook.php?ID=def1120&ID=ghk1121&ID=hij1122
Proxy:			<none>
Request params:	ID=[def1120, ghk1121, hij1122]
Query params:	<none>
Form params:	<none>
Path params:	<none>
Headers:		Accept=*/*
Cookies:		<none>
Multiparts:		<none>
Body:			<none>
HTTP/1.1 200 OK
Date: Mon, 26 May 2025 13:21:43 GMT
Server: Apache/2.4.52 (Ubuntu)
Access-Control-Allow-Origin: *
Access-Control-Allow-Methods: POST
Access-Control-Max-Age: 3600
Access-Control-Allow-Headers: Content-Type, Access-Control-Allow-Headers, Authorization, X-Requested-With
Content-Length: 100
Keep-Alive: timeout=5, max=100
Connection: Keep-Alive
Content-Type: application/json;charset=UTF-8

[
    {
        "book_name": "Learn Appium Automation with Java",
        "isbn": "hij",
        "aisle": "1122",
        "author": "John foer"
    }
]
]]></system-out>
  </testcase>
  <testcase name="deleteBook[def1120](1)" classname="com.test.LibraryOperationsTest" time="0.51">
    <system-out><![CDATA[Request method:	DELETE
Request URI:	https://rahulshettyacademy.com/Library/DeleteBook.php
Proxy:			<none>
Request params:	<none>
Query params:	<none>
Form params:	<none>
Path params:	<none>
Headers:		Accept=*/*
				Content-Type=text/plain; charset=ISO-8859-1
Cookies:		<none>
Multiparts:		<none>
Body:
{
    "ID": "def1120"
}
HTTP/1.1 200 OK
Date: Mon, 26 May 2025 13:21:43 GMT
Server: Apache/2.4.52 (Ubuntu)
Access-Control-Allow-Origin: *
Access-Control-Allow-Methods: POST
Access-Control-Max-Age: 3600
Access-Control-Allow-Headers: Content-Type, Access-Control-Allow-Headers, Authorization, X-Requested-With
Content-Length: 38
Keep-Alive: timeout=5, max=100
Connection: Keep-Alive
Content-Type: application/json;charset=UTF-8

{
    "msg": "book is successfully deleted"
}
]]></system-out>
  </testcase>
  <testcase name="deleteBook[ghk1121](2)" classname="com.test.LibraryOperationsTest" time="0.522">
    <system-out><![CDATA[Request method:	DELETE
Request URI:	https://rahulshettyacademy.com/Library/DeleteBook.php
Proxy:			<none>
Request params:	<none>
Query params:	<none>
Form params:	<none>
Path params:	<none>
Headers:		Accept=*/*
				Content-Type=text/plain; charset=ISO-8859-1
Cookies:		<none>
Multiparts:		<none>
Body:
{
    "ID": "ghk1121"
}
HTTP/1.1 200 OK
Date: Mon, 26 May 2025 13:21:44 GMT
Server: Apache/2.4.52 (Ubuntu)
Access-Control-Allow-Origin: *
Access-Control-Allow-Methods: POST
Access-Control-Max-Age: 3600
Access-Control-Allow-Headers: Content-Type, Access-Control-Allow-Headers, Authorization, X-Requested-With
Content-Length: 38
Keep-Alive: timeout=5, max=100
Connection: Keep-Alive
Content-Type: application/json;charset=UTF-8

{
    "msg": "book is successfully deleted"
}
]]></system-out>
  </testcase>
  <testcase name="deleteBook[hij1122](3)" classname="com.test.LibraryOperationsTest" time="0.505">
    <system-out><![CDATA[Request method:	DELETE
Request URI:	https://rahulshettyacademy.com/Library/DeleteBook.php
Proxy:			<none>
Request params:	<none>
Query params:	<none>
Form params:	<none>
Path params:	<none>
Headers:		Accept=*/*
				Content-Type=text/plain; charset=ISO-8859-1
Cookies:		<none>
Multiparts:		<none>
Body:
{
    "ID": "hij1122"
}
HTTP/1.1 200 OK
Date: Mon, 26 May 2025 13:21:44 GMT
Server: Apache/2.4.52 (Ubuntu)
Access-Control-Allow-Origin: *
Access-Control-Allow-Methods: POST
Access-Control-Max-Age: 3600
Access-Control-Allow-Headers: Content-Type, Access-Control-Allow-Headers, Authorization, X-Requested-With
Content-Length: 38
Keep-Alive: timeout=5, max=100
Connection: Keep-Alive
Content-Type: application/json;charset=UTF-8

{
    "msg": "book is successfully deleted"
}
]]></system-out>
  </testcase>
  <testcase name="convertData" classname="com.test.OtherTestngTest" time="0.001"/>
  <testcase name="invocationCountTest" classname="com.test.OtherTestngTest" time="0.002">
    <system-out><![CDATA[Sum is : 13
]]></system-out>
  </testcase>
  <testcase name="invocationCountTest" classname="com.test.OtherTestngTest" time="0.003">
    <system-out><![CDATA[Sum is : 13
]]></system-out>
  </testcase>
  <testcase name="invocationCountTest" classname="com.test.OtherTestngTest" time="0.001">
    <system-out><![CDATA[Sum is : 13
]]></system-out>
  </testcase>
  <testcase name="invocationCountTest" classname="com.test.OtherTestngTest" time="0.001">
    <system-out><![CDATA[Sum is : 13
]]></system-out>
  </testcase>
  <testcase name="invocationCountTest" classname="com.test.OtherTestngTest" time="0.001">
    <system-out><![CDATA[Sum is : 13
]]></system-out>
  </testcase>
  <testcase name="invocationCountTest" classname="com.test.OtherTestngTest" time="0.016">
    <system-out><![CDATA[Sum is : 13
]]></system-out>
  </testcase>
  <testcase name="invocationCountTest" classname="com.test.OtherTestngTest" time="0.001">
    <system-out><![CDATA[Sum is : 13
]]></system-out>
  </testcase>
  <testcase name="invocationCountTest" classname="com.test.OtherTestngTest" time="0.001">
    <system-out><![CDATA[Sum is : 13
]]></system-out>
  </testcase>
  <testcase name="invocationCountTest" classname="com.test.OtherTestngTest" time="0.001">
    <system-out><![CDATA[Sum is : 13
]]></system-out>
  </testcase>
  <testcase name="invocationCountTest" classname="com.test.OtherTestngTest" time="0.002">
    <system-out><![CDATA[Sum is : 13
]]></system-out>
  </testcase>
</testsuite>