<?xml version="1.0" encoding="UTF-8"?>
<!-- Generated by org.testng.reporters.JUnitReportReporter -->
<testsuite hostname="Sai12" failures="0" tests="11" name="apiDemo.OtherTestngTest" time="0.014" errors="0" timestamp="2025-05-19T14:39:50 BST" skipped="0">
  <testcase classname="apiDemo.OtherTestngTest" name="convertData" time="0.008"/>
  <system-out/>
  <testcase classname="apiDemo.OtherTestngTest" name="invocationCountTest" time="0.001"/>
  <system-out/>
  <testcase classname="apiDemo.OtherTestngTest" name="invocationCountTest" time="0.000"/>
  <system-out/>
  <testcase classname="apiDemo.OtherTestngTest" name="invocationCountTest" time="0.000"/>
  <system-out/>
  <testcase classname="apiDemo.OtherTestngTest" name="invocationCountTest" time="0.001"/>
  <system-out/>
  <testcase classname="apiDemo.OtherTestngTest" name="invocationCountTest" time="0.001"/>
  <system-out/>
  <testcase classname="apiDemo.OtherTestngTest" name="invocationCountTest" time="0.000"/>
  <system-out/>
  <testcase classname="apiDemo.OtherTestngTest" name="invocationCountTest" time="0.001"/>
  <system-out/>
  <testcase classname="apiDemo.OtherTestngTest" name="invocationCountTest" time="0.000"/>
  <system-out/>
  <testcase classname="apiDemo.OtherTestngTest" name="invocationCountTest" time="0.001"/>
  <system-out/>
  <testcase classname="apiDemo.OtherTestngTest" name="invocationCountTest" time="0.001"/>
  <system-out/>
</testsuite> <!-- apiDemo.OtherTestngTest -->
