<?xml version="1.0" encoding="UTF-8"?>
<!-- Generated by org.testng.reporters.JUnitReportReporter -->
<testsuite hostname="Sai12" failures="0" tests="6" name="apiDemo.DynamicJson" time="6.476" errors="0" timestamp="2025-05-19T12:29:28 BST" skipped="0">
  <testcase classname="apiDemo.DynamicJson" name="addBook" time="2.327"/>
  <system-out/>
  <testcase classname="apiDemo.DynamicJson" name="deleteBook" time="0.661"/>
  <system-out/>
  <testcase classname="apiDemo.DynamicJson" name="deleteBook" time="1.084"/>
  <system-out/>
  <testcase classname="apiDemo.DynamicJson" name="addBook" time="0.704"/>
  <system-out/>
  <testcase classname="apiDemo.DynamicJson" name="deleteBook" time="0.625"/>
  <system-out/>
  <testcase classname="apiDemo.DynamicJson" name="addBook" time="1.075"/>
  <system-out/>
</testsuite> <!-- apiDemo.DynamicJson -->
