<?xml version="1.0" encoding="UTF-8"?>
<!-- Generated by org.testng.reporters.JUnitReportReporter -->
<testsuite hostname="Sai12" failures="0" tests="9" name="com.test.LibraryOperationsTest" time="10.336" errors="0" timestamp="2025-05-19T21:05:59 BST" skipped="0">
  <testcase classname="com.test.LibraryOperationsTest" name="addBook" time="0.668"/>
  <system-out/>
  <testcase classname="com.test.LibraryOperationsTest" name="addBook" time="0.656"/>
  <system-out/>
  <testcase classname="com.test.LibraryOperationsTest" name="addBook" time="2.275"/>
  <system-out/>
  <testcase classname="com.test.LibraryOperationsTest" name="GetBook" time="0.626"/>
  <system-out/>
  <testcase classname="com.test.LibraryOperationsTest" name="GetBook" time="0.662"/>
  <system-out/>
  <testcase classname="com.test.LibraryOperationsTest" name="GetBook" time="0.666"/>
  <system-out/>
  <testcase classname="com.test.LibraryOperationsTest" name="deleteBook" time="1.011"/>
  <system-out/>
  <testcase classname="com.test.LibraryOperationsTest" name="deleteBook" time="2.734"/>
  <system-out/>
  <testcase classname="com.test.LibraryOperationsTest" name="deleteBook" time="1.038"/>
  <system-out/>
</testsuite> <!-- com.test.LibraryOperationsTest -->
