<?xml version="1.0" encoding="UTF-8"?>
<!-- Generated by org.testng.reporters.JUnitReportReporter -->
<testsuite hostname="Sai12" failures="0" tests="9" name="com.test.LibraryOperationsTest" time="9.867" errors="0" timestamp="2025-05-26T14:25:31 BST" skipped="0">
  <testcase classname="com.test.LibraryOperationsTest" name="addBook" time="0.535"/>
  <system-out/>
  <testcase classname="com.test.LibraryOperationsTest" name="addBook" time="0.518"/>
  <system-out/>
  <testcase classname="com.test.LibraryOperationsTest" name="addBook" time="1.937"/>
  <system-out/>
  <testcase classname="com.test.LibraryOperationsTest" name="getBook" time="0.575"/>
  <system-out/>
  <testcase classname="com.test.LibraryOperationsTest" name="getBook" time="0.498"/>
  <system-out/>
  <testcase classname="com.test.LibraryOperationsTest" name="getBook" time="0.501"/>
  <system-out/>
  <testcase classname="com.test.LibraryOperationsTest" name="deleteBook" time="2.123"/>
  <system-out/>
  <testcase classname="com.test.LibraryOperationsTest" name="deleteBook" time="1.002"/>
  <system-out/>
  <testcase classname="com.test.LibraryOperationsTest" name="deleteBook" time="2.178"/>
  <system-out/>
</testsuite> <!-- com.test.LibraryOperationsTest -->
