<?xml version="1.0" encoding="UTF-8"?>
<!-- Generated by org.testng.reporters.JUnitReportReporter -->
<testsuite hostname="Sai12" failures="0" tests="9" name="apiDemo.LibraryOperationsTest" time="9.799" errors="0" timestamp="2025-05-19T15:02:38 BST" skipped="0">
  <testcase classname="apiDemo.LibraryOperationsTest" name="addBook" time="2.230"/>
  <system-out/>
  <testcase classname="apiDemo.LibraryOperationsTest" name="addBook" time="0.872"/>
  <system-out/>
  <testcase classname="apiDemo.LibraryOperationsTest" name="addBook" time="0.912"/>
  <system-out/>
  <testcase classname="apiDemo.LibraryOperationsTest" name="GetBook" time="0.915"/>
  <system-out/>
  <testcase classname="apiDemo.LibraryOperationsTest" name="GetBook" time="0.925"/>
  <system-out/>
  <testcase classname="apiDemo.LibraryOperationsTest" name="GetBook" time="1.188"/>
  <system-out/>
  <testcase classname="apiDemo.LibraryOperationsTest" name="deleteBook" time="0.925"/>
  <system-out/>
  <testcase classname="apiDemo.LibraryOperationsTest" name="deleteBook" time="0.924"/>
  <system-out/>
  <testcase classname="apiDemo.LibraryOperationsTest" name="deleteBook" time="0.908"/>
  <system-out/>
</testsuite> <!-- apiDemo.LibraryOperationsTest -->
