<?xml version="1.0" encoding="UTF-8"?>
<!-- Generated by org.testng.reporters.JUnitReportReporter -->
<testsuite hostname="Sai12" failures="0" tests="11" name="com.test.OtherTestngTest" time="0.007" errors="0" timestamp="2025-05-19T21:05:59 BST" skipped="0">
  <testcase classname="com.test.OtherTestngTest" name="invocationCountTest" time="0.001"/>
  <system-out/>
  <testcase classname="com.test.OtherTestngTest" name="invocationCountTest" time="0.001"/>
  <system-out/>
  <testcase classname="com.test.OtherTestngTest" name="invocationCountTest" time="0.001"/>
  <system-out/>
  <testcase classname="com.test.OtherTestngTest" name="invocationCountTest" time="0.001"/>
  <system-out/>
  <testcase classname="com.test.OtherTestngTest" name="invocationCountTest" time="0.000"/>
  <system-out/>
  <testcase classname="com.test.OtherTestngTest" name="convertData" time="0.002"/>
  <system-out/>
  <testcase classname="com.test.OtherTestngTest" name="invocationCountTest" time="0.001"/>
  <system-out/>
  <testcase classname="com.test.OtherTestngTest" name="invocationCountTest" time="0.000"/>
  <system-out/>
  <testcase classname="com.test.OtherTestngTest" name="invocationCountTest" time="0.000"/>
  <system-out/>
  <testcase classname="com.test.OtherTestngTest" name="invocationCountTest" time="0.000"/>
  <system-out/>
  <testcase classname="com.test.OtherTestngTest" name="invocationCountTest" time="0.000"/>
  <system-out/>
</testsuite> <!-- com.test.OtherTestngTest -->
