<?xml version="1.0" encoding="UTF-8"?>
<!-- Generated by org.testng.reporters.JUnitReportReporter -->
<testsuite hostname="Sai12" failures="0" tests="9" name="com.test.LibraryOperationsTest" time="6.173" errors="0" timestamp="2025-05-26T14:21:44 BST" skipped="0">
  <testcase classname="com.test.LibraryOperationsTest" name="addBook" time="1.840"/>
  <testcase classname="com.test.LibraryOperationsTest" name="addBook" time="0.757"/>
  <testcase classname="com.test.LibraryOperationsTest" name="addBook" time="0.523"/>
  <testcase classname="com.test.LibraryOperationsTest" name="getBook" time="0.503"/>
  <testcase classname="com.test.LibraryOperationsTest" name="getBook" time="0.516"/>
  <testcase classname="com.test.LibraryOperationsTest" name="getBook" time="0.496"/>
  <testcase classname="com.test.LibraryOperationsTest" name="deleteBook" time="0.508"/>
  <testcase classname="com.test.LibraryOperationsTest" name="deleteBook" time="0.521"/>
  <testcase classname="com.test.LibraryOperationsTest" name="deleteBook" time="0.509"/>
</testsuite> <!-- com.test.LibraryOperationsTest -->
