<?xml version="1.0" encoding="UTF-8"?>
<!-- Generated by org.testng.reporters.JUnitReportReporter -->
<testsuite hostname="Sai12" failures="0" tests="9" name="com.test.LibraryOperationsTest" time="7.441" errors="0" timestamp="2025-05-24T12:51:34 BST" skipped="0">
  <testcase classname="com.test.LibraryOperationsTest" name="addBook" time="0.654"/>
  <testcase classname="com.test.LibraryOperationsTest" name="addBook" time="0.708"/>
  <testcase classname="com.test.LibraryOperationsTest" name="addBook" time="2.054"/>
  <testcase classname="com.test.LibraryOperationsTest" name="GetBook" time="0.685"/>
  <testcase classname="com.test.LibraryOperationsTest" name="GetBook" time="0.880"/>
  <testcase classname="com.test.LibraryOperationsTest" name="GetBook" time="0.547"/>
  <testcase classname="com.test.LibraryOperationsTest" name="deleteBook" time="0.694"/>
  <testcase classname="com.test.LibraryOperationsTest" name="deleteBook" time="0.610"/>
  <testcase classname="com.test.LibraryOperationsTest" name="deleteBook" time="0.609"/>
</testsuite> <!-- com.test.LibraryOperationsTest -->
